21:22:50.072 [main] INFO  testCases.TC004_BusinessCoursera - ---//Error Message Captured from Contact Us Page//---
21:24:42.703 [main] INFO  testCases.TC004_BusinessCoursera - ---//WebDevelopment Page opened//---
21:24:46.312 [main] INFO  testCases.TC004_BusinessCoursera - ---//Level Selected//---
21:25:05.844 [main] INFO  testCases.TC004_BusinessCoursera - ---//Language Selected//---
21:25:21.309 [main] INFO  testCases.TC004_BusinessCoursera - ---//Language Learning Page opened//---
21:25:21.745 [main] INFO  testCases.TC004_BusinessCoursera - ---//Data Captured from Levels//---
21:25:31.160 [main] INFO  testCases.TC004_BusinessCoursera - ---//Data Captured from Languages//---
21:25:45.585 [main] INFO  testCases.TC004_BusinessCoursera - ---//Enterprise opened//---
21:25:55.224 [main] INFO  testCases.TC004_BusinessCoursera - ---//Contact Us Page Opened//---
21:26:03.968 [main] INFO  testCases.TC004_BusinessCoursera - ---//Error Message Captured from Contact Us Page//---
21:26:30.033 [main] INFO  testCases.TC004_BusinessCoursera - ---//WebDevelopment Page opened//---
21:26:33.546 [main] INFO  testCases.TC004_BusinessCoursera - ---//Level Selected//---
21:26:53.082 [main] INFO  testCases.TC004_BusinessCoursera - ---//Language Selected//---
21:27:07.465 [main] INFO  testCases.TC004_BusinessCoursera - ---//Language Learning Page opened//---
21:27:07.810 [main] INFO  testCases.TC004_BusinessCoursera - ---//Data Captured from Levels//---
21:27:17.672 [main] INFO  testCases.TC004_BusinessCoursera - ---//Data Captured from Languages//---
21:27:28.884 [main] INFO  testCases.TC004_BusinessCoursera - ---//Enterprise opened//---
21:27:38.695 [main] INFO  testCases.TC004_BusinessCoursera - ---//Contact Us Page Opened//---
21:27:47.617 [main] INFO  testCases.TC004_BusinessCoursera - ---//Error Message Captured from Contact Us Page//---
10:13:26.187 [main] INFO  testCases.TC004_BusinessCoursera - ---//WebDevelopment Page opened//---
10:13:29.759 [main] INFO  testCases.TC004_BusinessCoursera - ---//Level Selected//---
10:13:49.182 [main] INFO  testCases.TC004_BusinessCoursera - ---//Language Selected//---
10:14:09.002 [main] INFO  testCases.TC004_BusinessCoursera - ---//Language Learning Page opened//---
10:14:09.428 [main] INFO  testCases.TC004_BusinessCoursera - ---//Data Captured from Levels//---
10:14:20.559 [main] INFO  testCases.TC004_BusinessCoursera - ---//Data Captured from Languages//---
10:14:33.583 [main] INFO  testCases.TC004_BusinessCoursera - ---//Enterprise opened//---
10:14:47.505 [main] INFO  testCases.TC004_BusinessCoursera - ---//Contact Us Page Opened//---
10:14:55.977 [main] INFO  testCases.TC004_BusinessCoursera - ---//Error Message Captured from Contact Us Page//---
10:19:04.613 [main] INFO  testCases.TC004_BusinessCoursera - ---//WebDevelopment Page opened//---
10:20:02.729 [main] INFO  testCases.TC004_BusinessCoursera - ---//WebDevelopment Page opened//---
10:20:06.242 [main] INFO  testCases.TC004_BusinessCoursera - ---//Level Selected//---
10:20:25.676 [main] INFO  testCases.TC004_BusinessCoursera - ---//Language Selected//---
10:20:40.439 [main] INFO  testCases.TC004_BusinessCoursera - ---//Language Learning Page opened//---
10:20:40.876 [main] INFO  testCases.TC004_BusinessCoursera - ---//Data Captured from Levels//---
10:20:49.215 [main] INFO  testCases.TC004_BusinessCoursera - ---//Data Captured from Languages//---
10:21:02.752 [main] INFO  testCases.TC004_BusinessCoursera - ---//Enterprise opened//---
10:21:17.327 [main] INFO  testCases.TC004_BusinessCoursera - ---//Contact Us Page Opened//---
10:21:26.346 [main] INFO  testCases.TC004_BusinessCoursera - ---//Error Message Captured from Contact Us Page//---
20:14:49.690 [main] INFO  testCases.TC004_BusinessCoursera - ---//WebDevelopment Page opened//---
20:14:53.290 [main] INFO  testCases.TC004_BusinessCoursera - ---//Level Selected//---
20:15:12.944 [main] INFO  testCases.TC004_BusinessCoursera - ---//Language Selected//---
20:15:28.272 [main] INFO  testCases.TC004_BusinessCoursera - ---//Language Learning Page opened//---
20:15:28.848 [main] INFO  testCases.TC004_BusinessCoursera - ---//Data Captured from Levels//---
20:15:36.984 [main] INFO  testCases.TC004_BusinessCoursera - ---//Data Captured from Languages//---
20:15:48.931 [main] INFO  testCases.TC004_BusinessCoursera - ---//Enterprise opened//---
20:15:59.986 [main] INFO  testCases.TC004_BusinessCoursera - ---//Contact Us Page Opened//---
20:16:08.887 [main] INFO  testCases.TC004_BusinessCoursera - ---//Error Message Captured from Contact Us Page//---
10:29:44.190 [main] INFO  testCases.TC004_BusinessCoursera - ---//WebDevelopment Page opened//---
10:29:47.861 [main] INFO  testCases.TC004_BusinessCoursera - ---//Level Selected//---
10:30:07.409 [main] INFO  testCases.TC004_BusinessCoursera - ---//Language Selected//---
10:30:22.665 [main] INFO  testCases.TC004_BusinessCoursera - ---//Language Learning Page opened//---
10:30:23.260 [main] INFO  testCases.TC004_BusinessCoursera - ---//Data Captured from Levels//---
