14:56:47.693 [main] INFO  testCases.TC004_BusinessCoursera - ---//Language Learning Page opened//---
14:56:48.186 [main] INFO  testCases.TC004_BusinessCoursera - ---//Data Captured from Levels//---
14:56:55.595 [main] INFO  testCases.TC004_BusinessCoursera - ---//Data Captured from Languages//---
14:57:07.354 [main] INFO  testCases.TC004_BusinessCoursera - ---//Enterprise opened//---
14:57:14.056 [main] INFO  testCases.TC004_BusinessCoursera - ---//Contact Us Page Opened//---
14:57:22.574 [main] INFO  testCases.TC004_BusinessCoursera - ---//Error Message Captured from Contact Us Page//---
22:44:36.977 [main] INFO  testCases.TC004_BusinessCoursera - ---//WebDevelopment Page opened//---
22:44:40.850 [main] INFO  testCases.TC004_BusinessCoursera - ---//Level Selected//---
22:45:00.451 [main] INFO  testCases.TC004_BusinessCoursera - ---//Language Selected//---
22:45:14.243 [main] INFO  testCases.TC004_BusinessCoursera - ---//Language Learning Page opened//---
22:45:17.780 [main] INFO  testCases.TC004_BusinessCoursera - ---//Data Captured from Levels//---
22:45:30.606 [main] INFO  testCases.TC004_BusinessCoursera - ---//Data Captured from Languages//---
22:45:43.508 [main] INFO  testCases.TC004_BusinessCoursera - ---//Enterprise opened//---
22:45:54.271 [main] INFO  testCases.TC004_BusinessCoursera - ---//Contact Us Page Opened//---
22:46:03.616 [main] INFO  testCases.TC004_BusinessCoursera - ---//Error Message Captured from Contact Us Page//---
22:47:42.356 [main] INFO  testCases.TC004_BusinessCoursera - ---//WebDevelopment Page opened//---
22:47:45.927 [main] INFO  testCases.TC004_BusinessCoursera - ---//Level Selected//---
22:48:05.433 [main] INFO  testCases.TC004_BusinessCoursera - ---//Language Selected//---
22:48:18.409 [main] INFO  testCases.TC004_BusinessCoursera - ---//Language Learning Page opened//---
22:48:19.892 [main] INFO  testCases.TC004_BusinessCoursera - ---//Data Captured from Levels//---
22:48:29.157 [main] INFO  testCases.TC004_BusinessCoursera - ---//Data Captured from Languages//---
22:48:42.726 [main] INFO  testCases.TC004_BusinessCoursera - ---//Enterprise opened//---
22:48:52.312 [main] INFO  testCases.TC004_BusinessCoursera - ---//Contact Us Page Opened//---
22:49:01.319 [main] INFO  testCases.TC004_BusinessCoursera - ---//Error Message Captured from Contact Us Page//---
22:54:31.799 [main] INFO  testCases.TC004_BusinessCoursera - ---//WebDevelopment Page opened//---
22:54:35.378 [main] INFO  testCases.TC004_BusinessCoursera - ---//Level Selected//---
22:54:54.960 [main] INFO  testCases.TC004_BusinessCoursera - ---//Language Selected//---
22:55:07.886 [main] INFO  testCases.TC004_BusinessCoursera - ---//Language Learning Page opened//---
22:55:09.092 [main] INFO  testCases.TC004_BusinessCoursera - ---//Data Captured from Levels//---
22:55:17.444 [main] INFO  testCases.TC004_BusinessCoursera - ---//Data Captured from Languages//---
22:55:28.493 [main] INFO  testCases.TC004_BusinessCoursera - ---//Enterprise opened//---
23:01:59.936 [main] INFO  testCases.TC004_BusinessCoursera - ---//WebDevelopment Page opened//---
23:02:03.557 [main] INFO  testCases.TC004_BusinessCoursera - ---//Level Selected//---
23:02:23.180 [main] INFO  testCases.TC004_BusinessCoursera - ---//Language Selected//---
23:02:39.609 [main] INFO  testCases.TC004_BusinessCoursera - ---//Language Learning Page opened//---
23:02:40.157 [main] INFO  testCases.TC004_BusinessCoursera - ---//Data Captured from Levels//---
23:02:48.816 [main] INFO  testCases.TC004_BusinessCoursera - ---//Data Captured from Languages//---
23:03:00.714 [main] INFO  testCases.TC004_BusinessCoursera - ---//Enterprise opened//---
23:03:10.861 [main] INFO  testCases.TC004_BusinessCoursera - ---//Contact Us Page Opened//---
23:03:19.772 [main] INFO  testCases.TC004_BusinessCoursera - ---//Error Message Captured from Contact Us Page//---
23:07:10.449 [main] INFO  testCases.TC004_BusinessCoursera - ---//WebDevelopment Page opened//---
23:07:14.219 [main] INFO  testCases.TC004_BusinessCoursera - ---//Level Selected//---
23:07:33.853 [main] INFO  testCases.TC004_BusinessCoursera - ---//Language Selected//---
23:07:52.897 [main] INFO  testCases.TC004_BusinessCoursera - ---//Language Learning Page opened//---
23:07:55.008 [main] INFO  testCases.TC004_BusinessCoursera - ---//Data Captured from Levels//---
23:08:05.797 [main] INFO  testCases.TC004_BusinessCoursera - ---//Data Captured from Languages//---
23:08:19.494 [main] INFO  testCases.TC004_BusinessCoursera - ---//Enterprise opened//---
23:08:28.751 [main] INFO  testCases.TC004_BusinessCoursera - ---//Contact Us Page Opened//---
23:08:38.124 [main] INFO  testCases.TC004_BusinessCoursera - ---//Error Message Captured from Contact Us Page//---
23:59:38.473 [main] INFO  testCases.TC004_BusinessCoursera - ---//WebDevelopment Page opened//---
23:59:42.146 [main] INFO  testCases.TC004_BusinessCoursera - ---//Level Selected//---
00:00:02.026 [main] INFO  testCases.TC004_BusinessCoursera - ---//Language Selected//---
