12:21:44.300 [main] INFO  testCases.TC004_BusinessCoursera - ---//Contact Us Page Opened//---
12:21:48.309 [main] INFO  testCases.TC004_BusinessCoursera - ---//Error Message Captured from Contact Us Page//---
12:24:35.332 [main] INFO  testCases.TC004_BusinessCoursera - ---//WebDevelopment Page opened//---
12:24:39.044 [main] INFO  testCases.TC004_BusinessCoursera - ---//Level Selected//---
12:24:45.732 [main] INFO  testCases.TC004_BusinessCoursera - ---//Language Selected//---
12:25:14.684 [main] INFO  testCases.TC004_BusinessCoursera - ---//Language Learning Page opened//---
12:25:15.193 [main] INFO  testCases.TC004_BusinessCoursera - ---//Data Captured from Levels//---
12:25:32.690 [main] INFO  testCases.TC004_BusinessCoursera - ---//Data Captured from Languages//---
12:26:08.725 [main] INFO  testCases.TC004_BusinessCoursera - ---//Enterprise opened//---
12:26:33.726 [main] INFO  testCases.TC004_BusinessCoursera - ---//Contact Us Page Opened//---
12:26:37.382 [main] INFO  testCases.TC004_BusinessCoursera - ---//Error Message Captured from Contact Us Page//---
22:10:46.248 [main] INFO  testCases.TC004_BusinessCoursera - ---//WebDevelopment Page opened//---
22:10:49.972 [main] INFO  testCases.TC004_BusinessCoursera - ---//Level Selected//---
22:10:56.561 [main] INFO  testCases.TC004_BusinessCoursera - ---//Language Selected//---
22:11:18.020 [main] INFO  testCases.TC004_BusinessCoursera - ---//Language Learning Page opened//---
22:11:20.796 [main] INFO  testCases.TC004_BusinessCoursera - ---//Data Captured from Levels//---
22:11:31.739 [main] INFO  testCases.TC004_BusinessCoursera - ---//Data Captured from Languages//---
22:11:43.369 [main] INFO  testCases.TC004_BusinessCoursera - ---//Enterprise opened//---
22:11:52.814 [main] INFO  testCases.TC004_BusinessCoursera - ---//Contact Us Page Opened//---
22:11:58.091 [main] INFO  testCases.TC004_BusinessCoursera - ---//Error Message Captured from Contact Us Page//---
22:25:53.946 [main] INFO  testCases.TC004_BusinessCoursera - ---//WebDevelopment Page opened//---
22:25:57.578 [main] INFO  testCases.TC004_BusinessCoursera - ---//Level Selected//---
22:26:19.817 [main] INFO  testCases.TC004_BusinessCoursera - ---//Language Learning Page opened//---
22:26:20.329 [main] INFO  testCases.TC004_BusinessCoursera - ---//Data Captured from Levels//---
22:26:29.381 [main] INFO  testCases.TC004_BusinessCoursera - ---//Data Captured from Languages//---
22:26:42.523 [main] INFO  testCases.TC004_BusinessCoursera - ---//Enterprise opened//---
22:26:57.734 [main] INFO  testCases.TC004_BusinessCoursera - ---//Contact Us Page Opened//---
22:27:01.425 [main] INFO  testCases.TC004_BusinessCoursera - ---//Error Message Captured from Contact Us Page//---
22:29:22.466 [main] INFO  testCases.TC004_BusinessCoursera - ---//WebDevelopment Page opened//---
22:29:25.866 [main] INFO  testCases.TC004_BusinessCoursera - ---//Level Selected//---
22:29:36.347 [main] INFO  testCases.TC004_BusinessCoursera - ---//Language Selected//---
22:29:51.479 [main] INFO  testCases.TC004_BusinessCoursera - ---//Language Learning Page opened//---
22:29:51.900 [main] INFO  testCases.TC004_BusinessCoursera - ---//Data Captured from Levels//---
22:30:00.289 [main] INFO  testCases.TC004_BusinessCoursera - ---//Data Captured from Languages//---
22:30:11.297 [main] INFO  testCases.TC004_BusinessCoursera - ---//Enterprise opened//---
22:30:19.684 [main] INFO  testCases.TC004_BusinessCoursera - ---//Contact Us Page Opened//---
22:30:23.094 [main] INFO  testCases.TC004_BusinessCoursera - ---//Error Message Captured from Contact Us Page//---
10:27:46.515 [main] INFO  testCases.TC004_BusinessCoursera - ---//WebDevelopment Page opened//---
10:27:49.955 [main] INFO  testCases.TC004_BusinessCoursera - ---//Level Selected//---
10:28:00.541 [main] INFO  testCases.TC004_BusinessCoursera - ---//Language Selected//---
10:28:14.526 [main] INFO  testCases.TC004_BusinessCoursera - ---//Language Learning Page opened//---
10:28:15.089 [main] INFO  testCases.TC004_BusinessCoursera - ---//Data Captured from Levels//---
10:28:22.556 [main] INFO  testCases.TC004_BusinessCoursera - ---//Data Captured from Languages//---
10:28:32.099 [main] INFO  testCases.TC004_BusinessCoursera - ---//Enterprise opened//---
10:28:39.808 [main] INFO  testCases.TC004_BusinessCoursera - ---//Contact Us Page Opened//---
10:28:43.642 [main] INFO  testCases.TC004_BusinessCoursera - ---//Error Message Captured from Contact Us Page//---
11:46:56.420 [main] INFO  testCases.TC004_BusinessCoursera - ---//WebDevelopment Page opened//---
11:46:59.869 [main] INFO  testCases.TC004_BusinessCoursera - ---//Level Selected//---
11:47:14.378 [main] INFO  testCases.TC004_BusinessCoursera - ---//Language Selected//---
11:47:39.986 [main] INFO  testCases.TC004_BusinessCoursera - ---//Language Learning Page opened//---
11:47:40.359 [main] INFO  testCases.TC004_BusinessCoursera - ---//Data Captured from Levels//---
11:47:53.889 [main] INFO  testCases.TC004_BusinessCoursera - ---//Data Captured from Languages//---
