12:30:49.969 [main] INFO  testCases.TC004_BusinessCoursera - ---//Contact Us Page Opened//---
12:30:58.410 [main] INFO  testCases.TC004_BusinessCoursera - ---//Error Message Captured from Contact Us Page//---
15:02:42.088 [main] INFO  testCases.TC004_BusinessCoursera - ---//WebDevelopment Page opened//---
15:02:45.656 [main] INFO  testCases.TC004_BusinessCoursera - ---//Level Selected//---
15:03:05.197 [main] INFO  testCases.TC004_BusinessCoursera - ---//Language Selected//---
15:03:30.075 [main] INFO  testCases.TC004_BusinessCoursera - ---//Language Learning Page opened//---
15:03:30.603 [main] INFO  testCases.TC004_BusinessCoursera - ---//Data Captured from Levels//---
15:03:42.973 [main] INFO  testCases.TC004_BusinessCoursera - ---//Data Captured from Languages//---
15:04:19.845 [main] INFO  testCases.TC004_BusinessCoursera - ---//Enterprise opened//---
15:05:03.454 [main] INFO  testCases.TC004_BusinessCoursera - ---//Contact Us Page Opened//---
15:05:12.374 [main] INFO  testCases.TC004_BusinessCoursera - ---//Error Message Captured from Contact Us Page//---
20:04:26.451 [main] INFO  testCases.TC004_BusinessCoursera - ---//WebDevelopment Page opened//---
20:04:30.003 [main] INFO  testCases.TC004_BusinessCoursera - ---//Level Selected//---
20:04:49.532 [main] INFO  testCases.TC004_BusinessCoursera - ---//Language Selected//---
20:05:07.334 [main] INFO  testCases.TC004_BusinessCoursera - ---//Language Learning Page opened//---
20:05:07.848 [main] INFO  testCases.TC004_BusinessCoursera - ---//Data Captured from Levels//---
20:05:17.477 [main] INFO  testCases.TC004_BusinessCoursera - ---//Data Captured from Languages//---
20:05:29.185 [main] INFO  testCases.TC004_BusinessCoursera - ---//Enterprise opened//---
20:05:41.120 [main] INFO  testCases.TC004_BusinessCoursera - ---//Contact Us Page Opened//---
20:05:50.324 [main] INFO  testCases.TC004_BusinessCoursera - ---//Error Message Captured from Contact Us Page//---
21:43:16.832 [main] INFO  testCases.TC004_BusinessCoursera - ---//WebDevelopment Page opened//---
21:43:20.274 [main] INFO  testCases.TC004_BusinessCoursera - ---//Level Selected//---
21:43:39.695 [main] INFO  testCases.TC004_BusinessCoursera - ---//Language Selected//---
21:43:53.943 [main] INFO  testCases.TC004_BusinessCoursera - ---//Language Learning Page opened//---
21:43:54.329 [main] INFO  testCases.TC004_BusinessCoursera - ---//Data Captured from Levels//---
21:44:03.580 [main] INFO  testCases.TC004_BusinessCoursera - ---//Data Captured from Languages//---
21:44:15.235 [main] INFO  testCases.TC004_BusinessCoursera - ---//Enterprise opened//---
21:44:23.964 [main] INFO  testCases.TC004_BusinessCoursera - ---//Contact Us Page Opened//---
21:44:32.376 [main] INFO  testCases.TC004_BusinessCoursera - ---//Error Message Captured from Contact Us Page//---
20:14:00.571 [main] INFO  testCases.TC004_BusinessCoursera - ---//WebDevelopment Page opened//---
20:14:04.247 [main] INFO  testCases.TC004_BusinessCoursera - ---//Level Selected//---
20:14:23.722 [main] INFO  testCases.TC004_BusinessCoursera - ---//Language Selected//---
20:14:41.104 [main] INFO  testCases.TC004_BusinessCoursera - ---//Language Learning Page opened//---
20:14:41.753 [main] INFO  testCases.TC004_BusinessCoursera - ---//Data Captured from Levels//---
20:14:51.433 [main] INFO  testCases.TC004_BusinessCoursera - ---//Data Captured from Languages//---
20:15:03.810 [main] INFO  testCases.TC004_BusinessCoursera - ---//Enterprise opened//---
20:15:14.908 [main] INFO  testCases.TC004_BusinessCoursera - ---//Contact Us Page Opened//---
20:15:23.926 [main] INFO  testCases.TC004_BusinessCoursera - ---//Error Message Captured from Contact Us Page//---
20:16:16.339 [main] INFO  testCases.TC004_BusinessCoursera - ---//WebDevelopment Page opened//---
20:16:19.876 [main] INFO  testCases.TC004_BusinessCoursera - ---//Level Selected//---
20:16:39.463 [main] INFO  testCases.TC004_BusinessCoursera - ---//Language Selected//---
20:16:56.033 [main] INFO  testCases.TC004_BusinessCoursera - ---//Language Learning Page opened//---
20:16:56.524 [main] INFO  testCases.TC004_BusinessCoursera - ---//Data Captured from Levels//---
20:17:05.882 [main] INFO  testCases.TC004_BusinessCoursera - ---//Data Captured from Languages//---
20:17:19.203 [main] INFO  testCases.TC004_BusinessCoursera - ---//Enterprise opened//---
20:17:28.639 [main] INFO  testCases.TC004_BusinessCoursera - ---//Contact Us Page Opened//---
20:17:37.514 [main] INFO  testCases.TC004_BusinessCoursera - ---//Error Message Captured from Contact Us Page//---
23:21:29.070 [main] INFO  testCases.TC004_BusinessCoursera - ---//WebDevelopment Page opened//---
23:21:32.582 [main] INFO  testCases.TC004_BusinessCoursera - ---//Level Selected//---
23:21:52.030 [main] INFO  testCases.TC004_BusinessCoursera - ---//Language Selected//---
23:22:07.519 [main] INFO  testCases.TC004_BusinessCoursera - ---//Language Learning Page opened//---
23:22:07.939 [main] INFO  testCases.TC004_BusinessCoursera - ---//Data Captured from Levels//---
