17:42:49.137 [main] INFO  testCases.TC004_BusinessCoursera - ---//Contact Us Page Opened//---
17:42:58.172 [main] INFO  testCases.TC004_BusinessCoursera - ---//Error Message Captured from Contact Us Page//---
17:44:53.958 [main] INFO  testCases.TC004_BusinessCoursera - ---//WebDevelopment Page opened//---
17:44:57.587 [main] INFO  testCases.TC004_BusinessCoursera - ---//Level Selected//---
17:45:57.808 [main] INFO  testCases.TC004_BusinessCoursera - ---//WebDevelopment Page opened//---
17:46:01.394 [main] INFO  testCases.TC004_BusinessCoursera - ---//Level Selected//---
17:46:15.815 [main] INFO  testCases.TC004_BusinessCoursera - ---//Language Selected//---
17:46:23.542 [main] INFO  testCases.TC004_BusinessCoursera - ---//Language Learning Page opened//---
17:46:24.126 [main] INFO  testCases.TC004_BusinessCoursera - ---//Data Captured from Levels//---
17:48:25.347 [main] INFO  testCases.TC004_BusinessCoursera - ---//WebDevelopment Page opened//---
17:48:28.964 [main] INFO  testCases.TC004_BusinessCoursera - ---//Level Selected//---
17:50:33.512 [main] INFO  testCases.TC004_BusinessCoursera - ---//WebDevelopment Page opened//---
17:50:37.066 [main] INFO  testCases.TC004_BusinessCoursera - ---//Level Selected//---
17:50:51.692 [main] INFO  testCases.TC004_BusinessCoursera - ---//Language Selected//---
17:51:07.578 [main] INFO  testCases.TC004_BusinessCoursera - ---//Language Learning Page opened//---
17:51:08.093 [main] INFO  testCases.TC004_BusinessCoursera - ---//Data Captured from Levels//---
17:51:16.499 [main] INFO  testCases.TC004_BusinessCoursera - ---//Data Captured from Languages//---
17:51:32.207 [main] INFO  testCases.TC004_BusinessCoursera - ---//Enterprise opened//---
17:51:42.301 [main] INFO  testCases.TC004_BusinessCoursera - ---//Contact Us Page Opened//---
17:51:51.171 [main] INFO  testCases.TC004_BusinessCoursera - ---//Error Message Captured from Contact Us Page//---
21:18:35.849 [main] INFO  testCases.TC004_BusinessCoursera - ---//WebDevelopment Page opened//---
21:18:39.273 [main] INFO  testCases.TC004_BusinessCoursera - ---//Level Selected//---
21:18:53.753 [main] INFO  testCases.TC004_BusinessCoursera - ---//Language Selected//---
21:19:06.970 [main] INFO  testCases.TC004_BusinessCoursera - ---//Language Learning Page opened//---
21:19:07.366 [main] INFO  testCases.TC004_BusinessCoursera - ---//Data Captured from Levels//---
21:19:14.757 [main] INFO  testCases.TC004_BusinessCoursera - ---//Data Captured from Languages//---
21:19:26.144 [main] INFO  testCases.TC004_BusinessCoursera - ---//Enterprise opened//---
21:19:35.980 [main] INFO  testCases.TC004_BusinessCoursera - ---//Contact Us Page Opened//---
21:19:44.437 [main] INFO  testCases.TC004_BusinessCoursera - ---//Error Message Captured from Contact Us Page//---
21:21:43.957 [main] INFO  testCases.TC004_BusinessCoursera - ---//WebDevelopment Page opened//---
21:21:47.448 [main] INFO  testCases.TC004_BusinessCoursera - ---//Level Selected//---
21:22:02.008 [main] INFO  testCases.TC004_BusinessCoursera - ---//Language Selected//---
21:22:15.632 [main] INFO  testCases.TC004_BusinessCoursera - ---//Language Learning Page opened//---
21:22:16.041 [main] INFO  testCases.TC004_BusinessCoursera - ---//Data Captured from Levels//---
21:22:25.807 [main] INFO  testCases.TC004_BusinessCoursera - ---//Data Captured from Languages//---
21:22:37.529 [main] INFO  testCases.TC004_BusinessCoursera - ---//Enterprise opened//---
21:22:45.920 [main] INFO  testCases.TC004_BusinessCoursera - ---//Contact Us Page Opened//---
21:22:54.407 [main] INFO  testCases.TC004_BusinessCoursera - ---//Error Message Captured from Contact Us Page//---
23:24:41.782 [main] INFO  testCases.TC004_BusinessCoursera - ---//WebDevelopment Page opened//---
23:24:45.382 [main] INFO  testCases.TC004_BusinessCoursera - ---//Level Selected//---
23:24:59.987 [main] INFO  testCases.TC004_BusinessCoursera - ---//Language Selected//---
23:25:16.647 [main] INFO  testCases.TC004_BusinessCoursera - ---//Language Learning Page opened//---
23:25:17.205 [main] INFO  testCases.TC004_BusinessCoursera - ---//Data Captured from Levels//---
23:25:26.156 [main] INFO  testCases.TC004_BusinessCoursera - ---//Data Captured from Languages//---
23:25:38.975 [main] INFO  testCases.TC004_BusinessCoursera - ---//Enterprise opened//---
23:25:49.414 [main] INFO  testCases.TC004_BusinessCoursera - ---//Contact Us Page Opened//---
23:25:58.304 [main] INFO  testCases.TC004_BusinessCoursera - ---//Error Message Captured from Contact Us Page//---
23:22:24.975 [main] INFO  testCases.TC004_BusinessCoursera - ---//WebDevelopment Page opened//---
23:22:28.426 [main] INFO  testCases.TC004_BusinessCoursera - ---//Level Selected//---
23:22:42.992 [main] INFO  testCases.TC004_BusinessCoursera - ---//Language Selected//---
23:23:26.146 [main] INFO  testCases.TC004_BusinessCoursera - ---//Language Learning Page opened//---
23:30:52.963 [main] INFO  testCases.TC004_BusinessCoursera - ---//WebDevelopment Page opened//---
