10:42:49.405 [main] INFO  testCases.TC004_BusinessCoursera - ---//Data Captured from Languages//---
10:43:01.568 [main] INFO  testCases.TC004_BusinessCoursera - ---//Enterprise opened//---
10:43:13.430 [main] INFO  testCases.TC004_BusinessCoursera - ---//Contact Us Page Opened//---
10:43:16.876 [main] INFO  testCases.TC004_BusinessCoursera - ---//Error Message Captured from Contact Us Page//---
10:43:51.088 [main] INFO  testCases.TC004_BusinessCoursera - ---//WebDevelopment Page opened//---
10:43:54.605 [main] INFO  testCases.TC004_BusinessCoursera - ---//Level Selected//---
10:44:01.058 [main] INFO  testCases.TC004_BusinessCoursera - ---//Language Selected//---
10:44:17.240 [main] INFO  testCases.TC004_BusinessCoursera - ---//Language Learning Page opened//---
10:44:17.556 [main] INFO  testCases.TC004_BusinessCoursera - ---//Data Captured from Levels//---
10:44:27.056 [main] INFO  testCases.TC004_BusinessCoursera - ---//Data Captured from Languages//---
10:44:44.641 [main] INFO  testCases.TC004_BusinessCoursera - ---//Enterprise opened//---
10:44:59.918 [main] INFO  testCases.TC004_BusinessCoursera - ---//Contact Us Page Opened//---
10:45:03.510 [main] INFO  testCases.TC004_BusinessCoursera - ---//Error Message Captured from Contact Us Page//---
19:54:06.853 [main] INFO  testCases.TC004_BusinessCoursera - ---//WebDevelopment Page opened//---
19:54:10.713 [main] INFO  testCases.TC004_BusinessCoursera - ---//Level Selected//---
19:54:17.401 [main] INFO  testCases.TC004_BusinessCoursera - ---//Language Selected//---
19:54:36.141 [main] INFO  testCases.TC004_BusinessCoursera - ---//Language Learning Page opened//---
19:54:37.688 [main] INFO  testCases.TC004_BusinessCoursera - ---//Data Captured from Levels//---
19:54:53.085 [main] INFO  testCases.TC004_BusinessCoursera - ---//Data Captured from Languages//---
19:55:06.378 [main] INFO  testCases.TC004_BusinessCoursera - ---//Enterprise opened//---
19:55:17.326 [main] INFO  testCases.TC004_BusinessCoursera - ---//Contact Us Page Opened//---
19:55:21.606 [main] INFO  testCases.TC004_BusinessCoursera - ---//Error Message Captured from Contact Us Page//---
20:21:49.758 [main] INFO  testCases.TC004_BusinessCoursera - ---//WebDevelopment Page opened//---
20:21:53.299 [main] INFO  testCases.TC004_BusinessCoursera - ---//Level Selected//---
20:21:59.926 [main] INFO  testCases.TC004_BusinessCoursera - ---//Language Selected//---
20:22:16.350 [main] INFO  testCases.TC004_BusinessCoursera - ---//Language Learning Page opened//---
20:22:16.858 [main] INFO  testCases.TC004_BusinessCoursera - ---//Data Captured from Levels//---
20:32:06.738 [main] INFO  testCases.TC004_BusinessCoursera - ---//WebDevelopment Page opened//---
20:32:10.349 [main] INFO  testCases.TC004_BusinessCoursera - ---//Level Selected//---
20:32:16.923 [main] INFO  testCases.TC004_BusinessCoursera - ---//Language Selected//---
20:32:33.209 [main] INFO  testCases.TC004_BusinessCoursera - ---//Language Learning Page opened//---
20:32:33.729 [main] INFO  testCases.TC004_BusinessCoursera - ---//Data Captured from Levels//---
20:32:44.756 [main] INFO  testCases.TC004_BusinessCoursera - ---//Data Captured from Languages//---
20:32:56.875 [main] INFO  testCases.TC004_BusinessCoursera - ---//Enterprise opened//---
20:33:07.117 [main] INFO  testCases.TC004_BusinessCoursera - ---//Contact Us Page Opened//---
20:33:11.318 [main] INFO  testCases.TC004_BusinessCoursera - ---//Error Message Captured from Contact Us Page//---
09:21:53.283 [main] INFO  testCases.TC004_BusinessCoursera - ---//WebDevelopment Page opened//---
09:21:56.833 [main] INFO  testCases.TC004_BusinessCoursera - ---//Level Selected//---
09:22:03.306 [main] INFO  testCases.TC004_BusinessCoursera - ---//Language Selected//---
09:22:22.748 [main] INFO  testCases.TC004_BusinessCoursera - ---//Language Learning Page opened//---
09:22:23.355 [main] INFO  testCases.TC004_BusinessCoursera - ---//Data Captured from Levels//---
09:22:34.675 [main] INFO  testCases.TC004_BusinessCoursera - ---//Data Captured from Languages//---
09:22:53.372 [main] INFO  testCases.TC004_BusinessCoursera - ---//Enterprise opened//---
09:23:46.058 [main] INFO  testCases.TC004_BusinessCoursera - ---//Contact Us Page Opened//---
09:23:50.028 [main] INFO  testCases.TC004_BusinessCoursera - ---//Error Message Captured from Contact Us Page//---
12:20:06.879 [main] INFO  testCases.TC004_BusinessCoursera - ---//WebDevelopment Page opened//---
12:20:10.542 [main] INFO  testCases.TC004_BusinessCoursera - ---//Level Selected//---
12:20:17.160 [main] INFO  testCases.TC004_BusinessCoursera - ---//Language Selected//---
12:20:42.488 [main] INFO  testCases.TC004_BusinessCoursera - ---//Language Learning Page opened//---
12:20:43.121 [main] INFO  testCases.TC004_BusinessCoursera - ---//Data Captured from Levels//---
12:20:57.747 [main] INFO  testCases.TC004_BusinessCoursera - ---//Data Captured from Languages//---
12:21:25.651 [main] INFO  testCases.TC004_BusinessCoursera - ---//Enterprise opened//---
