23:30:56.396 [main] INFO  testCases.TC004_BusinessCoursera - ---//Level Selected//---
23:31:10.878 [main] INFO  testCases.TC004_BusinessCoursera - ---//Language Selected//---
23:31:44.130 [main] INFO  testCases.TC004_BusinessCoursera - ---//Language Learning Page opened//---
23:31:45.219 [main] INFO  testCases.TC004_BusinessCoursera - ---//Data Captured from Levels//---
23:34:59.347 [main] INFO  testCases.TC004_BusinessCoursera - ---//WebDevelopment Page opened//---
23:35:02.781 [main] INFO  testCases.TC004_BusinessCoursera - ---//Level Selected//---
23:35:17.445 [main] INFO  testCases.TC004_BusinessCoursera - ---//Language Selected//---
23:35:49.098 [main] INFO  testCases.TC004_BusinessCoursera - ---//Language Learning Page opened//---
23:35:50.200 [main] INFO  testCases.TC004_BusinessCoursera - ---//Data Captured from Levels//---
23:40:09.995 [main] INFO  testCases.TC004_BusinessCoursera - ---//WebDevelopment Page opened//---
23:40:13.463 [main] INFO  testCases.TC004_BusinessCoursera - ---//Level Selected//---
23:40:28.083 [main] INFO  testCases.TC004_BusinessCoursera - ---//Language Selected//---
23:40:54.320 [main] INFO  testCases.TC004_BusinessCoursera - ---//Language Learning Page opened//---
23:40:55.271 [main] INFO  testCases.TC004_BusinessCoursera - ---//Data Captured from Levels//---
23:43:26.841 [main] INFO  testCases.TC004_BusinessCoursera - ---//WebDevelopment Page opened//---
23:43:30.259 [main] INFO  testCases.TC004_BusinessCoursera - ---//Level Selected//---
23:43:44.853 [main] INFO  testCases.TC004_BusinessCoursera - ---//Language Selected//---
23:44:08.625 [main] INFO  testCases.TC004_BusinessCoursera - ---//Language Learning Page opened//---
23:44:09.694 [main] INFO  testCases.TC004_BusinessCoursera - ---//Data Captured from Levels//---
23:46:53.973 [main] INFO  testCases.TC004_BusinessCoursera - ---//WebDevelopment Page opened//---
23:46:57.521 [main] INFO  testCases.TC004_BusinessCoursera - ---//Level Selected//---
23:47:12.117 [main] INFO  testCases.TC004_BusinessCoursera - ---//Language Selected//---
23:47:48.762 [main] INFO  testCases.TC004_BusinessCoursera - ---//Language Learning Page opened//---
23:47:49.926 [main] INFO  testCases.TC004_BusinessCoursera - ---//Data Captured from Levels//---
23:53:15.937 [main] INFO  testCases.TC004_BusinessCoursera - ---//WebDevelopment Page opened//---
23:53:19.399 [main] INFO  testCases.TC004_BusinessCoursera - ---//Level Selected//---
23:53:34.150 [main] INFO  testCases.TC004_BusinessCoursera - ---//Language Selected//---
23:54:00.643 [main] INFO  testCases.TC004_BusinessCoursera - ---//Language Learning Page opened//---
23:54:01.711 [main] INFO  testCases.TC004_BusinessCoursera - ---//Data Captured from Levels//---
23:58:08.139 [main] INFO  testCases.TC004_BusinessCoursera - ---//WebDevelopment Page opened//---
23:58:11.743 [main] INFO  testCases.TC004_BusinessCoursera - ---//Level Selected//---
23:58:26.308 [main] INFO  testCases.TC004_BusinessCoursera - ---//Language Selected//---
23:58:49.749 [main] INFO  testCases.TC004_BusinessCoursera - ---//Language Learning Page opened//---
23:58:50.872 [main] INFO  testCases.TC004_BusinessCoursera - ---//Data Captured from Levels//---
00:14:33.460 [main] INFO  testCases.TC004_BusinessCoursera - ---//WebDevelopment Page opened//---
00:14:36.854 [main] INFO  testCases.TC004_BusinessCoursera - ---//Level Selected//---
00:14:51.403 [main] INFO  testCases.TC004_BusinessCoursera - ---//Language Selected//---
00:15:25.378 [main] INFO  testCases.TC004_BusinessCoursera - ---//Language Learning Page opened//---
00:15:26.572 [main] INFO  testCases.TC004_BusinessCoursera - ---//Data Captured from Levels//---
00:42:58.886 [main] INFO  testCases.TC004_BusinessCoursera - ---//WebDevelopment Page opened//---
00:43:02.448 [main] INFO  testCases.TC004_BusinessCoursera - ---//Level Selected//---
00:43:16.956 [main] INFO  testCases.TC004_BusinessCoursera - ---//Language Selected//---
00:43:40.268 [main] INFO  testCases.TC004_BusinessCoursera - ---//Language Learning Page opened//---
00:43:41.379 [main] INFO  testCases.TC004_BusinessCoursera - ---//Data Captured from Levels//---
00:43:50.382 [main] INFO  testCases.TC004_BusinessCoursera - ---//Data Captured from Languages//---
01:01:10.686 [main] INFO  testCases.TC004_BusinessCoursera - ---//WebDevelopment Page opened//---
01:01:14.102 [main] INFO  testCases.TC004_BusinessCoursera - ---//Level Selected//---
01:01:28.644 [main] INFO  testCases.TC004_BusinessCoursera - ---//Language Selected//---
01:01:51.650 [main] INFO  testCases.TC004_BusinessCoursera - ---//Language Learning Page opened//---
01:01:52.699 [main] INFO  testCases.TC004_BusinessCoursera - ---//Data Captured from Levels//---
01:02:00.979 [main] INFO  testCases.TC004_BusinessCoursera - ---//Data Captured from Languages//---
01:14:30.114 [main] INFO  testCases.TC004_BusinessCoursera - ---//WebDevelopment Page opened//---
01:14:33.661 [main] INFO  testCases.TC004_BusinessCoursera - ---//Level Selected//---
