11:59:00.943 [main] INFO  testCases.TC004_BusinessCoursera - ---//WebDevelopment Page opened//---
11:59:47.367 [main] INFO  testCases.TC004_BusinessCoursera - ---//WebDevelopment Page opened//---
11:59:50.834 [main] INFO  testCases.TC004_BusinessCoursera - ---//Level Selected//---
12:00:10.265 [main] INFO  testCases.TC004_BusinessCoursera - ---//Language Selected//---
12:00:36.912 [main] INFO  testCases.TC004_BusinessCoursera - ---//Language Learning Page opened//---
12:00:37.315 [main] INFO  testCases.TC004_BusinessCoursera - ---//Data Captured from Levels//---
12:00:56.475 [main] INFO  testCases.TC004_BusinessCoursera - ---//Data Captured from Languages//---
12:01:29.727 [main] INFO  testCases.TC004_BusinessCoursera - ---//Enterprise opened//---
12:02:04.102 [main] INFO  testCases.TC004_BusinessCoursera - ---//Contact Us Page Opened//---
12:02:12.679 [main] INFO  testCases.TC004_BusinessCoursera - ---//Error Message Captured from Contact Us Page//---
12:04:08.600 [main] INFO  testCases.TC004_BusinessCoursera - ---//WebDevelopment Page opened//---
12:04:12.094 [main] INFO  testCases.TC004_BusinessCoursera - ---//Level Selected//---
12:04:31.520 [main] INFO  testCases.TC004_BusinessCoursera - ---//Language Selected//---
12:05:18.631 [main] INFO  testCases.TC004_BusinessCoursera - ---//Language Learning Page opened//---
12:05:19.019 [main] INFO  testCases.TC004_BusinessCoursera - ---//Data Captured from Levels//---
12:05:47.299 [main] INFO  testCases.TC004_BusinessCoursera - ---//Data Captured from Languages//---
12:06:30.875 [main] INFO  testCases.TC004_BusinessCoursera - ---//Enterprise opened//---
12:07:09.532 [main] INFO  testCases.TC004_BusinessCoursera - ---//Contact Us Page Opened//---
12:07:18.020 [main] INFO  testCases.TC004_BusinessCoursera - ---//Error Message Captured from Contact Us Page//---
12:10:16.885 [main] INFO  testCases.TC004_BusinessCoursera - ---//WebDevelopment Page opened//---
12:10:20.420 [main] INFO  testCases.TC004_BusinessCoursera - ---//Level Selected//---
12:10:39.834 [main] INFO  testCases.TC004_BusinessCoursera - ---//Language Selected//---
12:11:06.143 [main] INFO  testCases.TC004_BusinessCoursera - ---//Language Learning Page opened//---
12:11:06.526 [main] INFO  testCases.TC004_BusinessCoursera - ---//Data Captured from Levels//---
12:11:19.013 [main] INFO  testCases.TC004_BusinessCoursera - ---//Data Captured from Languages//---
12:11:50.701 [main] INFO  testCases.TC004_BusinessCoursera - ---//Enterprise opened//---
12:12:22.763 [main] INFO  testCases.TC004_BusinessCoursera - ---//Contact Us Page Opened//---
12:12:31.274 [main] INFO  testCases.TC004_BusinessCoursera - ---//Error Message Captured from Contact Us Page//---
12:15:32.273 [main] INFO  testCases.TC004_BusinessCoursera - ---//WebDevelopment Page opened//---
12:15:35.765 [main] INFO  testCases.TC004_BusinessCoursera - ---//Level Selected//---
12:15:55.200 [main] INFO  testCases.TC004_BusinessCoursera - ---//Language Selected//---
12:17:05.949 [main] INFO  testCases.TC004_BusinessCoursera - ---//Language Learning Page opened//---
12:17:06.340 [main] INFO  testCases.TC004_BusinessCoursera - ---//Data Captured from Levels//---
12:17:41.449 [main] INFO  testCases.TC004_BusinessCoursera - ---//Data Captured from Languages//---
12:18:24.912 [main] INFO  testCases.TC004_BusinessCoursera - ---//Enterprise opened//---
12:19:15.496 [main] INFO  testCases.TC004_BusinessCoursera - ---//Contact Us Page Opened//---
12:19:23.888 [main] INFO  testCases.TC004_BusinessCoursera - ---//Error Message Captured from Contact Us Page//---
12:24:12.018 [main] INFO  testCases.TC004_BusinessCoursera - ---//WebDevelopment Page opened//---
12:24:15.550 [main] INFO  testCases.TC004_BusinessCoursera - ---//Level Selected//---
12:24:34.968 [main] INFO  testCases.TC004_BusinessCoursera - ---//Language Selected//---
12:24:59.919 [main] INFO  testCases.TC004_BusinessCoursera - ---//Language Learning Page opened//---
12:25:00.317 [main] INFO  testCases.TC004_BusinessCoursera - ---//Data Captured from Levels//---
12:25:13.458 [main] INFO  testCases.TC004_BusinessCoursera - ---//Data Captured from Languages//---
12:25:48.609 [main] INFO  testCases.TC004_BusinessCoursera - ---//Enterprise opened//---
12:26:32.287 [main] INFO  testCases.TC004_BusinessCoursera - ---//Contact Us Page Opened//---
12:28:20.486 [main] INFO  testCases.TC004_BusinessCoursera - ---//WebDevelopment Page opened//---
12:28:24.081 [main] INFO  testCases.TC004_BusinessCoursera - ---//Level Selected//---
12:28:43.529 [main] INFO  testCases.TC004_BusinessCoursera - ---//Language Selected//---
12:29:12.475 [main] INFO  testCases.TC004_BusinessCoursera - ---//Language Learning Page opened//---
12:29:12.922 [main] INFO  testCases.TC004_BusinessCoursera - ---//Data Captured from Levels//---
12:29:30.027 [main] INFO  testCases.TC004_BusinessCoursera - ---//Data Captured from Languages//---
12:30:17.758 [main] INFO  testCases.TC004_BusinessCoursera - ---//Enterprise opened//---
