16:51:44.335 [main] INFO  testCases.TC004_BusinessCoursera - ---//Contact Us Page Opened//---
17:01:43.196 [main] INFO  testCases.TC004_BusinessCoursera - ---//WebDevelopment Page opened//---
17:04:20.988 [main] INFO  testCases.TC004_BusinessCoursera - ---//Language Learning Page opened//---
17:04:22.073 [main] INFO  testCases.TC004_BusinessCoursera - ---//Data Captured from Levels//---
17:04:30.438 [main] INFO  testCases.TC004_BusinessCoursera - ---//Data Captured from Languages//---
17:04:43.306 [main] INFO  testCases.TC004_BusinessCoursera - ---//Enterprise opened//---
17:04:50.543 [main] INFO  testCases.TC004_BusinessCoursera - ---//Contact Us Page Opened//---
17:06:37.265 [main] INFO  testCases.TC004_BusinessCoursera - ---//WebDevelopment Page opened//---
17:06:40.659 [main] INFO  testCases.TC004_BusinessCoursera - ---//Level Selected//---
17:06:55.116 [main] INFO  testCases.TC004_BusinessCoursera - ---//Language Selected//---
17:07:10.273 [main] INFO  testCases.TC004_BusinessCoursera - ---//Language Learning Page opened//---
17:07:10.615 [main] INFO  testCases.TC004_BusinessCoursera - ---//Data Captured from Levels//---
17:07:17.293 [main] INFO  testCases.TC004_BusinessCoursera - ---//Data Captured from Languages//---
17:07:29.050 [main] INFO  testCases.TC004_BusinessCoursera - ---//Enterprise opened//---
17:07:35.702 [main] INFO  testCases.TC004_BusinessCoursera - ---//Contact Us Page Opened//---
17:13:59.534 [main] INFO  testCases.TC004_BusinessCoursera - ---//WebDevelopment Page opened//---
17:14:03.013 [main] INFO  testCases.TC004_BusinessCoursera - ---//Level Selected//---
17:14:25.735 [main] INFO  testCases.TC004_BusinessCoursera - ---//Language Learning Page opened//---
17:14:26.149 [main] INFO  testCases.TC004_BusinessCoursera - ---//Data Captured from Levels//---
17:14:33.202 [main] INFO  testCases.TC004_BusinessCoursera - ---//Data Captured from Languages//---
17:14:44.336 [main] INFO  testCases.TC004_BusinessCoursera - ---//Enterprise opened//---
17:14:50.690 [main] INFO  testCases.TC004_BusinessCoursera - ---//Contact Us Page Opened//---
17:19:39.244 [main] INFO  testCases.TC004_BusinessCoursera - ---//WebDevelopment Page opened//---
17:19:42.596 [main] INFO  testCases.TC004_BusinessCoursera - ---//Level Selected//---
17:22:10.329 [main] INFO  testCases.TC004_BusinessCoursera - ---//Language Learning Page opened//---
17:22:11.268 [main] INFO  testCases.TC004_BusinessCoursera - ---//Data Captured from Levels//---
17:22:48.710 [main] INFO  testCases.TC004_BusinessCoursera - ---//Data Captured from Languages//---
17:23:38.690 [main] INFO  testCases.TC004_BusinessCoursera - ---//Enterprise opened//---
17:23:56.636 [main] INFO  testCases.TC004_BusinessCoursera - ---//Contact Us Page Opened//---
17:28:16.908 [main] INFO  testCases.TC004_BusinessCoursera - ---//WebDevelopment Page opened//---
17:30:46.424 [main] INFO  testCases.TC004_BusinessCoursera - ---//Data Captured from Levels//---
17:32:18.248 [main] INFO  testCases.TC004_BusinessCoursera - ---//WebDevelopment Page opened//---
17:32:21.790 [main] INFO  testCases.TC004_BusinessCoursera - ---//Level Selected//---
17:32:36.544 [main] INFO  testCases.TC004_BusinessCoursera - ---//Language Selected//---
17:33:07.698 [main] INFO  testCases.TC004_BusinessCoursera - ---//Language Learning Page opened//---
17:33:08.318 [main] INFO  testCases.TC004_BusinessCoursera - ---//Data Captured from Levels//---
17:33:17.707 [main] INFO  testCases.TC004_BusinessCoursera - ---//Data Captured from Languages//---
17:33:35.628 [main] INFO  testCases.TC004_BusinessCoursera - ---//Enterprise opened//---
17:33:52.087 [main] INFO  testCases.TC004_BusinessCoursera - ---//Contact Us Page Opened//---
17:36:24.586 [main] INFO  testCases.TC004_BusinessCoursera - ---//WebDevelopment Page opened//---
17:36:28.142 [main] INFO  testCases.TC004_BusinessCoursera - ---//Level Selected//---
17:36:42.739 [main] INFO  testCases.TC004_BusinessCoursera - ---//Language Selected//---
17:36:59.895 [main] INFO  testCases.TC004_BusinessCoursera - ---//Language Learning Page opened//---
17:37:00.404 [main] INFO  testCases.TC004_BusinessCoursera - ---//Data Captured from Levels//---
17:37:19.187 [main] INFO  testCases.TC004_BusinessCoursera - ---//Data Captured from Languages//---
17:37:40.710 [main] INFO  testCases.TC004_BusinessCoursera - ---//Enterprise opened//---
17:38:08.162 [main] INFO  testCases.TC004_BusinessCoursera - ---//Contact Us Page Opened//---
17:40:21.665 [main] INFO  testCases.TC004_BusinessCoursera - ---//WebDevelopment Page opened//---
17:40:25.340 [main] INFO  testCases.TC004_BusinessCoursera - ---//Level Selected//---
17:41:18.167 [main] INFO  testCases.TC004_BusinessCoursera - ---//Language Learning Page opened//---
17:41:18.683 [main] INFO  testCases.TC004_BusinessCoursera - ---//Data Captured from Levels//---
17:41:42.567 [main] INFO  testCases.TC004_BusinessCoursera - ---//Data Captured from Languages//---
17:42:23.981 [main] INFO  testCases.TC004_BusinessCoursera - ---//Enterprise opened//---
