13:11:43.515 [main] INFO  testCases.TC004_BusinessCoursera - ---//Data Captured from Levels//---
13:11:56.421 [main] INFO  testCases.TC004_BusinessCoursera - ---//Data Captured from Languages//---
13:12:13.464 [main] INFO  testCases.TC004_BusinessCoursera - ---//Enterprise opened//---
13:12:28.113 [main] INFO  testCases.TC004_BusinessCoursera - ---//Contact Us Page Opened//---
13:12:32.888 [main] INFO  testCases.TC004_BusinessCoursera - ---//Error Message Captured from Contact Us Page//---
16:02:44.719 [main] INFO  testCases.TC004_BusinessCoursera - ---//WebDevelopment Page opened//---
16:02:48.143 [main] INFO  testCases.TC004_BusinessCoursera - ---//Level Selected//---
16:02:54.572 [main] INFO  testCases.TC004_BusinessCoursera - ---//Language Selected//---
16:03:11.996 [main] INFO  testCases.TC004_BusinessCoursera - ---//Language Learning Page opened//---
16:03:12.357 [main] INFO  testCases.TC004_BusinessCoursera - ---//Data Captured from Levels//---
16:03:21.775 [main] INFO  testCases.TC004_BusinessCoursera - ---//Data Captured from Languages//---
16:03:40.761 [main] INFO  testCases.TC004_BusinessCoursera - ---//Enterprise opened//---
16:03:59.240 [main] INFO  testCases.TC004_BusinessCoursera - ---//Contact Us Page Opened//---
16:04:02.673 [main] INFO  testCases.TC004_BusinessCoursera - ---//Error Message Captured from Contact Us Page//---
18:06:36.897 [main] INFO  testCases.TC004_BusinessCoursera - ---//WebDevelopment Page opened//---
18:06:40.323 [main] INFO  testCases.TC004_BusinessCoursera - ---//Level Selected//---
18:06:59.184 [main] INFO  testCases.TC004_BusinessCoursera - ---//Language Learning Page opened//---
18:06:59.617 [main] INFO  testCases.TC004_BusinessCoursera - ---//Data Captured from Levels//---
18:07:06.569 [main] INFO  testCases.TC004_BusinessCoursera - ---//Data Captured from Languages//---
18:07:32.787 [main] INFO  testCases.TC004_BusinessCoursera - ---//Enterprise opened//---
18:07:49.274 [main] INFO  testCases.TC004_BusinessCoursera - ---//Contact Us Page Opened//---
18:07:52.740 [main] INFO  testCases.TC004_BusinessCoursera - ---//Error Message Captured from Contact Us Page//---
18:08:25.096 [main] INFO  testCases.TC004_BusinessCoursera - ---//WebDevelopment Page opened//---
18:08:28.681 [main] INFO  testCases.TC004_BusinessCoursera - ---//Level Selected//---
18:08:35.158 [main] INFO  testCases.TC004_BusinessCoursera - ---//Language Selected//---
18:08:51.319 [main] INFO  testCases.TC004_BusinessCoursera - ---//Language Learning Page opened//---
18:08:51.649 [main] INFO  testCases.TC004_BusinessCoursera - ---//Data Captured from Levels//---
18:09:00.393 [main] INFO  testCases.TC004_BusinessCoursera - ---//Data Captured from Languages//---
18:09:18.775 [main] INFO  testCases.TC004_BusinessCoursera - ---//Enterprise opened//---
18:09:36.229 [main] INFO  testCases.TC004_BusinessCoursera - ---//Contact Us Page Opened//---
18:09:39.610 [main] INFO  testCases.TC004_BusinessCoursera - ---//Error Message Captured from Contact Us Page//---
18:14:00.635 [main] INFO  testCases.TC004_BusinessCoursera - ---//WebDevelopment Page opened//---
18:14:04.306 [main] INFO  testCases.TC004_BusinessCoursera - ---//Level Selected//---
18:14:25.888 [main] INFO  testCases.TC004_BusinessCoursera - ---//Language Learning Page opened//---
18:14:26.376 [main] INFO  testCases.TC004_BusinessCoursera - ---//Data Captured from Levels//---
18:14:34.662 [main] INFO  testCases.TC004_BusinessCoursera - ---//Data Captured from Languages//---
18:14:53.747 [main] INFO  testCases.TC004_BusinessCoursera - ---//Enterprise opened//---
18:15:09.628 [main] INFO  testCases.TC004_BusinessCoursera - ---//Contact Us Page Opened//---
18:15:13.395 [main] INFO  testCases.TC004_BusinessCoursera - ---//Error Message Captured from Contact Us Page//---
18:15:50.132 [main] INFO  testCases.TC004_BusinessCoursera - ---//WebDevelopment Page opened//---
18:15:53.721 [main] INFO  testCases.TC004_BusinessCoursera - ---//Level Selected//---
18:16:15.720 [main] INFO  testCases.TC004_BusinessCoursera - ---//Language Learning Page opened//---
18:16:16.110 [main] INFO  testCases.TC004_BusinessCoursera - ---//Data Captured from Levels//---
18:16:26.672 [main] INFO  testCases.TC004_BusinessCoursera - ---//Data Captured from Languages//---
18:16:46.006 [main] INFO  testCases.TC004_BusinessCoursera - ---//Enterprise opened//---
18:17:04.263 [main] INFO  testCases.TC004_BusinessCoursera - ---//Contact Us Page Opened//---
18:17:08.169 [main] INFO  testCases.TC004_BusinessCoursera - ---//Error Message Captured from Contact Us Page//---
10:42:22.146 [main] INFO  testCases.TC004_BusinessCoursera - ---//WebDevelopment Page opened//---
10:42:25.647 [main] INFO  testCases.TC004_BusinessCoursera - ---//Level Selected//---
10:42:41.255 [main] INFO  testCases.TC004_BusinessCoursera - ---//Language Learning Page opened//---
10:42:41.670 [main] INFO  testCases.TC004_BusinessCoursera - ---//Data Captured from Levels//---
