10:30:31.580 [main] INFO  testCases.TC004_BusinessCoursera - ---//Data Captured from Languages//---
10:30:43.080 [main] INFO  testCases.TC004_BusinessCoursera - ---//Enterprise opened//---
10:30:52.726 [main] INFO  testCases.TC004_BusinessCoursera - ---//Contact Us Page Opened//---
10:31:01.730 [main] INFO  testCases.TC004_BusinessCoursera - ---//Error Message Captured from Contact Us Page//---
10:41:41.677 [main] INFO  testCases.TC004_BusinessCoursera - ---//WebDevelopment Page opened//---
10:41:45.295 [main] INFO  testCases.TC004_BusinessCoursera - ---//Level Selected//---
10:42:04.849 [main] INFO  testCases.TC004_BusinessCoursera - ---//Language Selected//---
10:42:22.552 [main] INFO  testCases.TC004_BusinessCoursera - ---//Language Learning Page opened//---
10:42:23.089 [main] INFO  testCases.TC004_BusinessCoursera - ---//Data Captured from Levels//---
10:42:32.214 [main] INFO  testCases.TC004_BusinessCoursera - ---//Data Captured from Languages//---
10:42:43.875 [main] INFO  testCases.TC004_BusinessCoursera - ---//Enterprise opened//---
10:42:54.038 [main] INFO  testCases.TC004_BusinessCoursera - ---//Contact Us Page Opened//---
10:43:02.924 [main] INFO  testCases.TC004_BusinessCoursera - ---//Error Message Captured from Contact Us Page//---
10:43:29.343 [main] INFO  testCases.TC004_BusinessCoursera - ---//WebDevelopment Page opened//---
10:43:32.855 [main] INFO  testCases.TC004_BusinessCoursera - ---//Level Selected//---
10:43:52.380 [main] INFO  testCases.TC004_BusinessCoursera - ---//Language Selected//---
10:44:06.329 [main] INFO  testCases.TC004_BusinessCoursera - ---//Language Learning Page opened//---
10:44:06.676 [main] INFO  testCases.TC004_BusinessCoursera - ---//Data Captured from Levels//---
10:44:15.758 [main] INFO  testCases.TC004_BusinessCoursera - ---//Data Captured from Languages//---
10:44:30.071 [main] INFO  testCases.TC004_BusinessCoursera - ---//Enterprise opened//---
10:44:40.305 [main] INFO  testCases.TC004_BusinessCoursera - ---//Contact Us Page Opened//---
10:44:49.538 [main] INFO  testCases.TC004_BusinessCoursera - ---//Error Message Captured from Contact Us Page//---
13:33:25.145 [main] INFO  testCases.TC004_BusinessCoursera - ---//WebDevelopment Page opened//---
13:33:28.717 [main] INFO  testCases.TC004_BusinessCoursera - ---//Level Selected//---
13:33:48.279 [main] INFO  testCases.TC004_BusinessCoursera - ---//Language Selected//---
13:34:03.294 [main] INFO  testCases.TC004_BusinessCoursera - ---//Language Learning Page opened//---
13:34:03.867 [main] INFO  testCases.TC004_BusinessCoursera - ---//Data Captured from Levels//---
13:34:11.745 [main] INFO  testCases.TC004_BusinessCoursera - ---//Data Captured from Languages//---
13:34:22.410 [main] INFO  testCases.TC004_BusinessCoursera - ---//Enterprise opened//---
13:34:29.945 [main] INFO  testCases.TC004_BusinessCoursera - ---//Contact Us Page Opened//---
13:34:38.575 [main] INFO  testCases.TC004_BusinessCoursera - ---//Error Message Captured from Contact Us Page//---
14:55:36.822 [main] INFO  testCases.TC004_BusinessCoursera - ---//WebDevelopment Page opened//---
14:55:40.293 [main] INFO  testCases.TC004_BusinessCoursera - ---//Level Selected//---
14:55:59.679 [main] INFO  testCases.TC004_BusinessCoursera - ---//Language Selected//---
14:56:34.893 [main] INFO  testCases.TC004_BusinessCoursera - ---//Language Learning Page opened//---
14:56:35.309 [main] INFO  testCases.TC004_BusinessCoursera - ---//Data Captured from Levels//---
14:56:48.860 [main] INFO  testCases.TC004_BusinessCoursera - ---//Data Captured from Languages//---
14:58:02.092 [main] INFO  testCases.TC004_BusinessCoursera - ---//Enterprise opened//---
14:59:03.086 [main] INFO  testCases.TC004_BusinessCoursera - ---//Contact Us Page Opened//---
14:59:11.521 [main] INFO  testCases.TC004_BusinessCoursera - ---//Error Message Captured from Contact Us Page//---
11:02:43.451 [main] INFO  testCases.TC004_BusinessCoursera - ---//WebDevelopment Page opened//---
11:02:47.069 [main] INFO  testCases.TC004_BusinessCoursera - ---//Level Selected//---
11:03:06.638 [main] INFO  testCases.TC004_BusinessCoursera - ---//Language Selected//---
11:03:21.910 [main] INFO  testCases.TC004_BusinessCoursera - ---//Language Learning Page opened//---
11:03:22.468 [main] INFO  testCases.TC004_BusinessCoursera - ---//Data Captured from Levels//---
11:03:32.349 [main] INFO  testCases.TC004_BusinessCoursera - ---//Data Captured from Languages//---
11:03:43.252 [main] INFO  testCases.TC004_BusinessCoursera - ---//Enterprise opened//---
11:03:53.269 [main] INFO  testCases.TC004_BusinessCoursera - ---//Contact Us Page Opened//---
11:04:02.568 [main] INFO  testCases.TC004_BusinessCoursera - ---//Error Message Captured from Contact Us Page//---
14:56:11.659 [main] INFO  testCases.TC004_BusinessCoursera - ---//WebDevelopment Page opened//---
14:56:15.106 [main] INFO  testCases.TC004_BusinessCoursera - ---//Level Selected//---
14:56:34.510 [main] INFO  testCases.TC004_BusinessCoursera - ---//Language Selected//---
