09:22:25.964 [main] INFO  testCases.TC004_BusinessCoursera - ---//Contact Us Page Opened//---
09:22:30.849 [main] INFO  testCases.TC004_BusinessCoursera - ---//Error Message Captured from Contact Us Page//---
10:01:05.816 [main] INFO  testCases.TC004_BusinessCoursera - ---//WebDevelopment Page opened//---
10:01:09.303 [main] INFO  testCases.TC004_BusinessCoursera - ---//Level Selected//---
10:01:15.788 [main] INFO  testCases.TC004_BusinessCoursera - ---//Language Selected//---
10:01:33.579 [main] INFO  testCases.TC004_BusinessCoursera - ---//Language Learning Page opened//---
10:01:34.029 [main] INFO  testCases.TC004_BusinessCoursera - ---//Data Captured from Levels//---
10:01:44.828 [main] INFO  testCases.TC004_BusinessCoursera - ---//Data Captured from Languages//---
10:02:02.887 [main] INFO  testCases.TC004_BusinessCoursera - ---//Enterprise opened//---
10:02:18.357 [main] INFO  testCases.TC004_BusinessCoursera - ---//Contact Us Page Opened//---
10:02:21.772 [main] INFO  testCases.TC004_BusinessCoursera - ---//Error Message Captured from Contact Us Page//---
10:04:13.285 [main] INFO  testCases.TC004_BusinessCoursera - ---//WebDevelopment Page opened//---
10:04:16.794 [main] INFO  testCases.TC004_BusinessCoursera - ---//Level Selected//---
10:04:40.251 [main] INFO  testCases.TC004_BusinessCoursera - ---//Language Learning Page opened//---
10:04:40.970 [main] INFO  testCases.TC004_BusinessCoursera - ---//Data Captured from Levels//---
10:04:50.661 [main] INFO  testCases.TC004_BusinessCoursera - ---//Data Captured from Languages//---
10:05:08.218 [main] INFO  testCases.TC004_BusinessCoursera - ---//Enterprise opened//---
10:05:24.394 [main] INFO  testCases.TC004_BusinessCoursera - ---//Contact Us Page Opened//---
10:05:28.653 [main] INFO  testCases.TC004_BusinessCoursera - ---//Error Message Captured from Contact Us Page//---
10:20:24.060 [main] INFO  testCases.TC004_BusinessCoursera - ---//Data Captured from Levels//---
10:21:15.059 [main] INFO  testCases.TC004_BusinessCoursera - ---//Enterprise opened//---
10:21:30.659 [main] INFO  testCases.TC004_BusinessCoursera - ---//Contact Us Page Opened//---
10:21:43.374 [main] INFO  testCases.TC004_BusinessCoursera - ---//Error Message Captured from Contact Us Page//---
11:41:00.416 [main] INFO  testCases.TC004_BusinessCoursera - ---//WebDevelopment Page opened//---
11:41:03.838 [main] INFO  testCases.TC004_BusinessCoursera - ---//Level Selected//---
11:41:10.317 [main] INFO  testCases.TC004_BusinessCoursera - ---//Language Selected//---
11:41:33.060 [main] INFO  testCases.TC004_BusinessCoursera - ---//Language Learning Page opened//---
11:41:33.550 [main] INFO  testCases.TC004_BusinessCoursera - ---//Data Captured from Levels//---
11:41:46.705 [main] INFO  testCases.TC004_BusinessCoursera - ---//Data Captured from Languages//---
11:42:07.107 [main] INFO  testCases.TC004_BusinessCoursera - ---//Enterprise opened//---
11:43:04.145 [main] INFO  testCases.TC004_BusinessCoursera - ---//WebDevelopment Page opened//---
11:43:07.627 [main] INFO  testCases.TC004_BusinessCoursera - ---//Level Selected//---
11:43:14.083 [main] INFO  testCases.TC004_BusinessCoursera - ---//Language Selected//---
11:43:35.897 [main] INFO  testCases.TC004_BusinessCoursera - ---//Language Learning Page opened//---
11:43:36.334 [main] INFO  testCases.TC004_BusinessCoursera - ---//Data Captured from Levels//---
11:43:46.723 [main] INFO  testCases.TC004_BusinessCoursera - ---//Data Captured from Languages//---
11:44:12.690 [main] INFO  testCases.TC004_BusinessCoursera - ---//Enterprise opened//---
11:44:39.224 [main] INFO  testCases.TC004_BusinessCoursera - ---//Contact Us Page Opened//---
11:44:42.705 [main] INFO  testCases.TC004_BusinessCoursera - ---//Error Message Captured from Contact Us Page//---
12:41:49.696 [main] INFO  testCases.TC004_BusinessCoursera - ---//WebDevelopment Page opened//---
12:41:53.690 [main] INFO  testCases.TC004_BusinessCoursera - ---//Level Selected//---
12:42:00.373 [main] INFO  testCases.TC004_BusinessCoursera - ---//Language Selected//---
12:42:15.661 [main] INFO  testCases.TC004_BusinessCoursera - ---//Language Learning Page opened//---
12:42:16.461 [main] INFO  testCases.TC004_BusinessCoursera - ---//Data Captured from Levels//---
12:42:25.557 [main] INFO  testCases.TC004_BusinessCoursera - ---//Data Captured from Languages//---
12:42:49.995 [main] INFO  testCases.TC004_BusinessCoursera - ---//Enterprise opened//---
12:43:02.573 [main] INFO  testCases.TC004_BusinessCoursera - ---//Contact Us Page Opened//---
12:43:06.627 [main] INFO  testCases.TC004_BusinessCoursera - ---//Error Message Captured from Contact Us Page//---
13:11:01.880 [main] INFO  testCases.TC004_BusinessCoursera - ---//WebDevelopment Page opened//---
13:11:06.202 [main] INFO  testCases.TC004_BusinessCoursera - ---//Level Selected//---
13:11:12.983 [main] INFO  testCases.TC004_BusinessCoursera - ---//Language Selected//---
13:11:42.704 [main] INFO  testCases.TC004_BusinessCoursera - ---//Language Learning Page opened//---
